<?xml version="1.0" encoding="UTF-8"?>
<!-- Generated by org.testng.reporters.JUnitReportReporter -->
<testsuite skipped="0" hostname="DESKTOP-EHA9HVK" name="test" tests="1" failures="0" timestamp="22 May 2020 07:01:35 GMT" time="22.997" errors="0">
  <testcase name="sdf" time="22.997" classname="test"/>
</testsuite> <!-- test -->
