<?xml version="1.0" encoding="UTF-8"?>
<!-- Generated by org.testng.reporters.JUnitReportReporter -->
<testsuite skipped="0" hostname="DESKTOP-EHA9HVK" name="functionaltests.AddToCart" tests="1" failures="0" timestamp="22 May 2020 09:06:21 GMT" time="69.142" errors="0">
  <testcase name="launchAndSelectMamacita" time="69.142" classname="functionaltests.AddToCart"/>
</testsuite> <!-- functionaltests.AddToCart -->
